2025-06-12 01:20:05 - Sistema iniciado.
2025-06-12 01:26:05 - Sistema finalizado.
2025-06-12 01:28:37 - Sistema iniciado.
2025-06-12 01:34:28 - Pneu do veículo 2 trocado para neve
2025-06-12 01:34:41 - Pneu do veículo 3 trocado para seco
2025-06-12 01:41:36 - Sistema finalizado.
2025-06-12 01:41:53 - Sistema iniciado.
2025-06-12 01:41:56 - Iniciando nova simulação de corrida.
2025-06-12 01:42:49 - Pneu do veículo 1 trocado para neve
2025-06-12 01:42:52 - Clima mudou para chuva para a etapa 2
2025-06-12 01:43:01 - Clima mudou para neve para a etapa 3
2025-06-12 01:43:06 - Clima mudou para seco para a etapa 4
2025-06-12 01:43:06 - Simulação de corrida finalizada.
2025-06-12 01:47:54 - Sistema iniciado.
2025-06-12 01:47:57 - Iniciando nova simulação de corrida.
2025-06-12 01:48:36 - Clima mudou para chuva para a etapa 2
2025-06-12 01:48:38 - Clima mudou para seco para a etapa 3
2025-06-12 01:48:39 - Clima mudou para chuva para a etapa 4
2025-06-12 01:48:39 - Simulação de corrida finalizada.
2025-06-12 01:48:48 - Sistema finalizado.
2025-06-12 01:48:57 - Sistema iniciado.
2025-06-12 01:49:05 - Iniciando nova simulação de corrida.
2025-06-12 01:49:46 - Clima mudou para chuva para a etapa 2
2025-06-12 01:49:47 - Clima mudou para seco para a etapa 3
2025-06-12 01:49:48 - Clima mudou para neve para a etapa 4
2025-06-12 01:49:48 - Simulação de corrida finalizada.
2025-06-12 01:49:52 - Sistema finalizado.
2025-06-12 14:30:59 - Sistema iniciado.
2025-06-12 14:33:00 - Sistema finalizado.
2025-06-12 16:02:52 - Sistema iniciado.
2025-06-12 16:05:18 - Iniciando nova simulação de corrida.
2025-06-12 16:05:21 - Clima mudou para chuva para a etapa 2
2025-06-12 16:05:24 - Clima mudou para neve para a etapa 3
2025-06-12 16:05:27 - Clima mudou para chuva para a etapa 4
2025-06-12 16:05:27 - Simulação de corrida finalizada.
2025-06-12 16:21:01 - Sistema iniciado.
2025-06-12 16:23:17 - Sistema finalizado.
